01-26-23 13:25:27: New resource group USEDCTPJMRSG97 created successfully
01-26-23 13:25:30: Failed to create Resource Group USEDCTPJMRSG97
01-26-23 13:25:44: New app service plan UWUDCTPJMASP15 created successfully
01-26-23 13:25:53: App Service Plan UWUDCTPJMASP15 created successfully
01-26-23 13:26:01: New app service name UWUDCTPJMWAP85 created successfully
01-26-23 13:26:38: App Service UWUDCTPJMWAP85 created successfully
01-26-23 13:28:19: New application insights USEDCTPJMAIS67 created successfully
01-26-23 13:28:29: Application Insights USEDCTPJMAIS67 created successfully
01-26-23 14:00:52: New resource group USEDCTPJMRSG42 created successfully
01-26-23 14:00:54: Failed to create Resource Group USEDCTPJMRSG42
01-26-23 14:01:04: New app service plan UWUDCTPJMASP47 created successfully
01-26-23 14:01:14: App Service Plan UWUDCTPJMASP47 created successfully
01-26-23 14:01:23: New app service name UWUDCTPJMWAP20 created successfully
01-26-23 14:01:57: App Service UWUDCTPJMWAP20 created successfully
01-26-23 14:02:11: New application insights USEDCTPJMAIS52 created successfully
01-26-23 14:02:18: Application Insights USEDCTPJMAIS52 created successfully
01-26-23 14:09:23: The name USEDCTPJMRSG42 is not available in Azure
01-26-23 14:09:43: New resource group UWUDCTPJMRSG06 created successfully
01-26-23 14:09:47: Failed to create Resource Group UWUDCTPJMRSG06
01-26-23 14:11:19: New resource group USEDCTPJMRSG26 created successfully
01-26-23 14:11:23: Failed to create Resource Group USEDCTPJMRSG26
01-26-23 14:11:46: New app service plan UWUDCTPJMASP35 created successfully
01-26-23 14:11:54: App Service Plan UWUDCTPJMASP35 created successfully
01-26-23 14:12:19: New app service name UWUDCTPJMWAP76 created successfully
01-26-23 14:12:54: App Service UWUDCTPJMWAP76 created successfully
01-26-23 14:13:19: New application insights USEDCTPJMAIS95 created successfully
01-26-23 14:13:26: Application Insights USEDCTPJMAIS95 created successfully
01-26-23 15:01:44: New resource group USEDCTPJMRSG73 created successfully
01-26-23 15:01:48: Failed to create Resource Group USEDCTPJMRSG73
01-26-23 15:01:59: New app service plan UWUDCTPJMASP97 created successfully
01-26-23 15:02:10: App Service Plan UWUDCTPJMASP97 created successfully
01-26-23 15:03:13: New app service name UWUDCTPJMWAP80 created successfully
01-26-23 15:03:46: App Service UWUDCTPJMWAP80 created successfully
01-26-23 15:03:56: New application insights USEDCTPJMAIS78 created successfully
01-26-23 15:04:07: Application Insights USEDCTPJMAIS78 created successfully
01-27-23 15:47:26: New resource group USEDCTPJMRSG12 created successfully
01-27-23 15:47:29: Failed to create Resource Group USEDCTPJMRSG12
01-27-23 15:47:39: New app service plan UWUDCTPJMASP06 created successfully
01-27-23 15:47:47: App Service Plan UWUDCTPJMASP06 created successfully
01-27-23 15:47:59: New app service name UWUDCTPJMWAP74 created successfully
01-27-23 15:48:48: App Service UWUDCTPJMWAP74 created successfully
01-27-23 15:49:09: New application insights USEDCTPJMAIS71 created successfully
01-27-23 15:49:15: Application Insights USEDCTPJMAIS71 created successfully
01-27-23 23:43:09: New resource group USEDCTPJMASP53 created successfully
01-27-23 23:43:44: New app service plan UWUDCTPJMASP84 created successfully
01-27-23 23:44:05: New app service name UWUDCTPJMWAP19 created successfully
01-27-23 23:44:19: New application insights USEDCTPJMAIS10 created successfully
01-27-23 23:48:56: New resource group USEDCTPJMRSG74 created successfully
01-27-23 23:49:29: New app service plan USEDCTPJMASP53 created successfully
01-27-23 23:49:44: New app service name UWUDCTPJMWAP01 created successfully
01-27-23 23:50:15: New application insights UWUDCTPJMAIS72 created successfully
01-27-23 23:57:27: New resource group USEDCTPJMRSG01 created successfully
01-27-23 23:57:30: Failed to create Resource Group USEDCTPJMRSG01
01-27-23 23:57:47: New app service plan UWUDCTPJMASP46 created successfully
01-27-23 23:57:56: App Service Plan UWUDCTPJMASP46 created successfully
01-27-23 23:58:03: New app service name UWUDCTPJMWAP65 created successfully
01-27-23 23:58:42: App Service UWUDCTPJMWAP65 created successfully
01-27-23 23:59:42: New application insights USEDCTPJMAIS09 created successfully
01-27-23 23:59:46: Application Insights USEDCTPJMAIS09 created successfully
01-28-23 00:42:39: New resource group UWUDCTPJMASP24 created successfully
01-28-23 00:42:42: Failed to create Resource Group UWUDCTPJMASP24
01-28-23 00:42:54: The name UWUDCTPJMWAP65 is not available in Azure
01-28-23 00:43:16: New app service plan USEDCTPJMAIS63 created successfully
01-28-23 00:43:23: App Service Plan USEDCTPJMAIS63 created successfully
01-28-23 00:45:15: New resource group USEDCTPJMRSG02 created successfully
01-28-23 00:45:19: Failed to create Resource Group USEDCTPJMRSG02
01-28-23 00:45:43: New app service plan UWUDCTPJMASP85 created successfully
01-28-23 00:45:54: App Service Plan UWUDCTPJMASP85 created successfully
01-28-23 00:46:16: New app service name UWUDCTPJMWAP16 created successfully
01-28-23 00:46:52: App Service UWUDCTPJMWAP16 created successfully
01-28-23 00:47:04: New application insights USEDCTPJMAIS47 created successfully
01-28-23 00:47:11: Application Insights USEDCTPJMAIS47 created successfully
